{
  "RSpec": {
    "coverage": {
      "/Users/brittanymartin/projects/rails/projects/venture_api/spec/api/items_controller_spec.rb": [
        1,
        null,
        1,
        1,
        null,
        2,
        2,
        null,
        1,
        1,
        1,
        1,
        null,
        null
      ],
      "/Users/brittanymartin/projects/rails/projects/venture_api/spec/rails_helper.rb": [
        1,
        1,
        1,
        1,
        1,
        null,
        2,
        null,
        1,
        1,
        1,
        null
      ],
      "/Users/brittanymartin/projects/rails/projects/venture_api/config/environment.rb": [
        null,
        1,
        null,
        null,
        1
      ],
      "/Users/brittanymartin/projects/rails/projects/venture_api/config/application.rb": [
        1,
        null,
        1,
        null,
        1,
        1,
        1,
        1,
        1,
        1,
        1,
        null,
        1,
        null,
        null,
        null,
        1,
        null,
        1,
        1,
        1,
        1,
        null,
        null,
        1,
        null,
        null
      ],
      "/Users/brittanymartin/projects/rails/projects/venture_api/config/boot.rb": [
        1,
        null,
        1
      ],
      "/Users/brittanymartin/projects/rails/projects/venture_api/config/environments/test.rb": [
        1,
        null,
        null,
        null,
        null,
        null,
        null,
        1,
        null,
        null,
        null,
        null,
        1,
        null,
        null,
        1,
        1,
        null,
        null,
        null,
        null,
        1,
        1,
        null,
        null,
        1,
        null,
        null,
        1,
        1,
        null,
        null,
        null,
        null,
        1,
        null,
        null,
        1,
        null,
        null,
        null,
        null
      ],
      "/Users/brittanymartin/projects/rails/projects/venture_api/config/initializers/active_record_belongs_to_required_by_default.rb": [
        null,
        null,
        null,
        null,
        null,
        1
      ],
      "/Users/brittanymartin/projects/rails/projects/venture_api/config/initializers/application_controller_renderer.rb": [
        null,
        null,
        null,
        null,
        null,
        null
      ],
      "/Users/brittanymartin/projects/rails/projects/venture_api/config/initializers/backtrace_silencers.rb": [
        null,
        null,
        null,
        null,
        null,
        null,
        null
      ],
      "/Users/brittanymartin/projects/rails/projects/venture_api/config/initializers/callback_terminator.rb": [
        null,
        null,
        null,
        null,
        null,
        1
      ],
      "/Users/brittanymartin/projects/rails/projects/venture_api/config/initializers/cors.rb": [
        null,
        null,
        null,
        null,
        null,
        null,
        null,
        null,
        null,
        null,
        null,
        null,
        null,
        null,
        null,
        null
      ],
      "/Users/brittanymartin/projects/rails/projects/venture_api/config/initializers/filter_parameter_logging.rb": [
        null,
        null,
        null,
        1
      ],
      "/Users/brittanymartin/projects/rails/projects/venture_api/config/initializers/inflections.rb": [
        null,
        null,
        null,
        null,
        null,
        null,
        null,
        null,
        null,
        null,
        null,
        null,
        null,
        null,
        null,
        null
      ],
      "/Users/brittanymartin/projects/rails/projects/venture_api/config/initializers/mime_types.rb": [
        null,
        null,
        null,
        null
      ],
      "/Users/brittanymartin/projects/rails/projects/venture_api/config/initializers/ssl_options.rb": [
        null,
        null,
        null,
        1
      ],
      "/Users/brittanymartin/projects/rails/projects/venture_api/config/initializers/wrap_parameters.rb": [
        null,
        null,
        null,
        null,
        null,
        null,
        1,
        2,
        null,
        null,
        null,
        null,
        null,
        null
      ],
      "/Users/brittanymartin/projects/rails/projects/venture_api/spec/factories/item.rb": [
        1,
        1,
        1,
        1,
        null,
        null
      ],
      "/Users/brittanymartin/projects/rails/projects/venture_api/spec/factories/list.rb": [
        1,
        1,
        1,
        1,
        null,
        null
      ],
      "/Users/brittanymartin/projects/rails/projects/venture_api/spec/factories/user.rb": [
        1,
        1,
        1,
        10,
        null,
        1,
        1,
        10,
        null,
        null,
        null
      ],
      "/Users/brittanymartin/projects/rails/projects/venture_api/app/channels/application_cable/connection.rb": [
        null,
        1,
        1,
        null,
        null
      ],
      "/Users/brittanymartin/projects/rails/projects/venture_api/config/routes.rb": [
        1,
        1,
        1,
        1,
        null,
        null,
        1,
        1,
        null,
        null,
        1,
        null,
        null
      ],
      "/Users/brittanymartin/projects/rails/projects/venture_api/spec/support/auth_helper.rb": [
        1,
        null,
        1,
        6,
        6,
        6,
        6,
        null,
        null
      ],
      "/Users/brittanymartin/projects/rails/projects/venture_api/app/controllers/api/items_controller.rb": [
        1,
        1,
        null,
        1,
        1,
        1,
        1,
        1,
        null,
        0,
        null,
        null,
        null,
        1,
        1,
        1,
        null,
        null,
        null
      ],
      "/Users/brittanymartin/projects/rails/projects/venture_api/app/controllers/api_controller.rb": [
        1,
        null,
        null,
        null,
        1,
        null,
        1,
        12,
        null,
        null
      ],
      "/Users/brittanymartin/projects/rails/projects/venture_api/app/controllers/application_controller.rb": [
        1,
        1,
        1,
        null
      ],
      "/Users/brittanymartin/projects/rails/projects/venture_api/spec/api/lists_controller_spec.rb": [
        1,
        null,
        1,
        1,
        null,
        3,
        2,
        null,
        1,
        1,
        1,
        1,
        null,
        null,
        1,
        1,
        1,
        1,
        null,
        null
      ],
      "/Users/brittanymartin/projects/rails/projects/venture_api/app/controllers/api/lists_controller.rb": [
        1,
        1,
        null,
        1,
        1,
        1,
        1,
        1,
        null,
        0,
        null,
        null,
        null,
        1,
        1,
        1,
        1,
        1,
        1,
        0,
        0,
        null,
        null,
        null,
        1,
        1,
        1,
        null,
        null,
        null
      ],
      "/Users/brittanymartin/projects/rails/projects/venture_api/spec/api/users_controller_spec.rb": [
        1,
        null,
        1,
        1,
        2,
        null,
        1,
        1,
        1,
        1,
        null,
        null,
        1,
        1,
        1,
        1,
        null,
        null,
        1,
        1,
        1,
        1,
        null,
        null
      ],
      "/Users/brittanymartin/projects/rails/projects/venture_api/app/controllers/api/users_controller.rb": [
        1,
        1,
        null,
        1,
        1,
        1,
        null,
        null,
        1,
        1,
        1,
        1,
        null,
        0,
        null,
        null,
        null,
        1,
        1,
        1,
        1,
        1,
        0,
        0,
        null,
        null,
        null,
        1,
        1,
        1,
        null,
        null,
        null
      ],
      "/Users/brittanymartin/projects/rails/projects/venture_api/spec/models/item_spec.rb": [
        1,
        null,
        1,
        3,
        3,
        3,
        2,
        null,
        1,
        1,
        1,
        null,
        1,
        1,
        null,
        null,
        null
      ],
      "/Users/brittanymartin/projects/rails/projects/venture_api/app/models/item.rb": [
        1,
        1,
        null,
        1,
        null
      ],
      "/Users/brittanymartin/projects/rails/projects/venture_api/app/models/application_record.rb": [
        1,
        1,
        null
      ],
      "/Users/brittanymartin/projects/rails/projects/venture_api/spec/models/list_spec.rb": [
        1,
        null,
        1,
        3,
        3,
        2,
        2,
        null,
        1,
        1,
        1,
        null,
        1,
        1,
        null,
        null,
        null
      ],
      "/Users/brittanymartin/projects/rails/projects/venture_api/app/models/list.rb": [
        1,
        1,
        1,
        null,
        1,
        null
      ],
      "/Users/brittanymartin/projects/rails/projects/venture_api/spec/models/user_spec.rb": [
        1,
        null,
        1,
        3,
        2,
        2,
        2,
        2,
        2,
        2,
        2,
        2,
        2,
        2,
        null,
        1,
        1,
        1,
        null,
        1,
        1,
        null,
        null,
        null,
        1,
        2,
        2,
        2,
        null,
        1,
        1,
        null,
        null,
        1,
        1,
        null,
        null,
        1,
        1,
        null,
        null,
        null
      ],
      "/Users/brittanymartin/projects/rails/projects/venture_api/app/models/user.rb": [
        1,
        null,
        19,
        null,
        1,
        null,
        1,
        1,
        null,
        1,
        null,
        null,
        null,
        null,
        1,
        null,
        1,
        null
      ],
      "/Users/brittanymartin/projects/rails/projects/venture_api/app/serializers/user_serializer.rb": [
        1,
        1,
        null
      ]
    },
    "timestamp": 1460221715
  }
}
