{
  "RSpec": {
    "coverage": {
      "/Users/brittanymartin/projects/rails/projects/venture_api/spec/models/item_spec.rb": [
        1,
        null,
        1,
        3,
        3,
        3,
        2,
        null,
        1,
        1,
        1,
        null,
        1,
        1,
        null,
        null,
        null
      ],
      "/Users/brittanymartin/projects/rails/projects/venture_api/spec/rails_helper.rb": [
        1,
        1,
        1,
        1,
        1,
        null,
        1,
        1,
        1,
        1,
        null
      ],
      "/Users/brittanymartin/projects/rails/projects/venture_api/config/environment.rb": [
        null,
        1,
        null,
        null,
        1
      ],
      "/Users/brittanymartin/projects/rails/projects/venture_api/config/application.rb": [
        1,
        null,
        1,
        null,
        1,
        1,
        1,
        1,
        1,
        1,
        1,
        null,
        1,
        null,
        null,
        null,
        1,
        null,
        1,
        1,
        1,
        1,
        null,
        null,
        1,
        null,
        null
      ],
      "/Users/brittanymartin/projects/rails/projects/venture_api/config/boot.rb": [
        1,
        null,
        1
      ],
      "/Users/brittanymartin/projects/rails/projects/venture_api/config/environments/test.rb": [
        1,
        null,
        null,
        null,
        null,
        null,
        null,
        1,
        null,
        null,
        null,
        null,
        1,
        null,
        null,
        1,
        1,
        null,
        null,
        null,
        null,
        1,
        1,
        null,
        null,
        1,
        null,
        null,
        1,
        1,
        null,
        null,
        null,
        null,
        1,
        null,
        null,
        1,
        null,
        null,
        null,
        null
      ],
      "/Users/brittanymartin/projects/rails/projects/venture_api/config/initializers/active_record_belongs_to_required_by_default.rb": [
        null,
        null,
        null,
        null,
        null,
        1
      ],
      "/Users/brittanymartin/projects/rails/projects/venture_api/config/initializers/application_controller_renderer.rb": [
        null,
        null,
        null,
        null,
        null,
        null
      ],
      "/Users/brittanymartin/projects/rails/projects/venture_api/config/initializers/backtrace_silencers.rb": [
        null,
        null,
        null,
        null,
        null,
        null,
        null
      ],
      "/Users/brittanymartin/projects/rails/projects/venture_api/config/initializers/callback_terminator.rb": [
        null,
        null,
        null,
        null,
        null,
        1
      ],
      "/Users/brittanymartin/projects/rails/projects/venture_api/config/initializers/cors.rb": [
        null,
        null,
        null,
        null,
        null,
        null,
        null,
        null,
        null,
        null,
        null,
        null,
        null,
        null,
        null,
        null
      ],
      "/Users/brittanymartin/projects/rails/projects/venture_api/config/initializers/filter_parameter_logging.rb": [
        null,
        null,
        null,
        1
      ],
      "/Users/brittanymartin/projects/rails/projects/venture_api/config/initializers/inflections.rb": [
        null,
        null,
        null,
        null,
        null,
        null,
        null,
        null,
        null,
        null,
        null,
        null,
        null,
        null,
        null,
        null
      ],
      "/Users/brittanymartin/projects/rails/projects/venture_api/config/initializers/mime_types.rb": [
        null,
        null,
        null,
        null
      ],
      "/Users/brittanymartin/projects/rails/projects/venture_api/config/initializers/ssl_options.rb": [
        null,
        null,
        null,
        1
      ],
      "/Users/brittanymartin/projects/rails/projects/venture_api/config/initializers/wrap_parameters.rb": [
        null,
        null,
        null,
        null,
        null,
        null,
        1,
        1,
        null,
        null,
        null,
        null,
        null,
        null
      ],
      "/Users/brittanymartin/projects/rails/projects/venture_api/app/channels/application_cable/connection.rb": [
        null,
        1,
        1,
        null,
        null
      ],
      "/Users/brittanymartin/projects/rails/projects/venture_api/config/routes.rb": [
        1,
        null,
        null
      ],
      "/Users/brittanymartin/projects/rails/projects/venture_api/app/models/item.rb": [
        1,
        1,
        null,
        1,
        null
      ],
      "/Users/brittanymartin/projects/rails/projects/venture_api/app/models/application_record.rb": [
        1,
        1,
        null
      ],
      "/Users/brittanymartin/projects/rails/projects/venture_api/spec/models/list_spec.rb": [
        1,
        null,
        1,
        3,
        3,
        2,
        2,
        null,
        1,
        1,
        1,
        null,
        1,
        1,
        null,
        null,
        null
      ],
      "/Users/brittanymartin/projects/rails/projects/venture_api/app/models/list.rb": [
        1,
        1,
        1,
        null,
        1,
        null
      ],
      "/Users/brittanymartin/projects/rails/projects/venture_api/spec/models/user_spec.rb": [
        1,
        null,
        1,
        3,
        2,
        2,
        2,
        2,
        2,
        2,
        2,
        2,
        2,
        2,
        null,
        1,
        1,
        1,
        null,
        1,
        1,
        null,
        null,
        null,
        1,
        2,
        2,
        2,
        null,
        1,
        1,
        null,
        null,
        1,
        1,
        null,
        null,
        1,
        1,
        null,
        null,
        null
      ],
      "/Users/brittanymartin/projects/rails/projects/venture_api/app/models/user.rb": [
        1,
        null,
        8,
        null,
        1,
        null,
        1,
        1,
        null,
        1,
        null,
        null,
        null,
        null,
        1,
        null,
        1,
        null
      ]
    },
    "timestamp": 1459810545
  }
}
